<?xml version="1.0" encoding="UTF-8"?>
<!-- Generated by org.testng.reporters.JUnitReportReporter -->
<testsuite hostname="V6001" failures="0" tests="1" name="HandleScroll" time="5.811" errors="0" timestamp="2022-11-09T13:02:18 IST" skipped="0">
  <testcase classname="HandleScroll" name="scrollDown" time="5.811"/>
  <system-out/>
</testsuite> <!-- HandleScroll -->
