<?xml version="1.0" encoding="UTF-8"?>
<!-- Generated by org.testng.reporters.JUnitReportReporter -->
<testsuite hostname="V6001" failures="0" tests="1" name="ReadExcelSheet" time="2.681" errors="0" timestamp="2022-11-08T15:43:59 IST" skipped="0">
  <testcase classname="ReadExcelSheet" name="dataReadTest" time="2.681"/>
  <system-out/>
</testsuite> <!-- ReadExcelSheet -->
