<?xml version="1.0" encoding="UTF-8"?>
<!-- Generated by org.testng.reporters.JUnitReportReporter -->
<testsuite hostname="V6001" failures="0" tests="1" name="OptimizeSream" time="0.008" errors="0" timestamp="2022-11-08T15:39:08 IST" skipped="0">
  <testcase classname="OptimizeSream" name="regular" time="0.008"/>
  <system-out/>
</testsuite> <!-- OptimizeSream -->
