<?xml version="1.0" encoding="UTF-8"?>
<!-- Generated by org.testng.reporters.JUnitReportReporter -->
<testsuite hostname="V6001" failures="0" tests="1" name="Stream" time="0.010" errors="0" timestamp="2022-10-29T14:50:08 IST" skipped="0">
  <testcase classname="Stream" name="regular" time="0.010"/>
  <system-out/>
</testsuite> <!-- Stream -->
