<?xml version="1.0" encoding="UTF-8"?>
<!-- Generated by org.testng.reporters.JUnitReportReporter -->
<testsuite hostname="V6001" failures="0" tests="1" name="practiceNG" time="1.723" errors="0" timestamp="2022-11-09T11:36:38 IST" skipped="0">
  <testcase classname="practiceNG" name="infiniteScroll" time="1.723"/>
  <system-out/>
</testsuite> <!-- practiceNG -->
